
2014-05-25 16:40:03 - Started
2014-05-25 16:40:13 - Finished
2014-05-25 16:45:03 - Started
2014-05-25 16:45:13 - Finished
2014-05-25 16:50:03 - Started
2014-05-25 16:50:13 - Finished
2014-05-25 16:55:03 - Started
2014-05-25 16:55:13 - Finished
2014-05-25 17:00:03 - Started
2014-05-25 17:00:13 - Finished
2014-05-25 17:05:03 - Started
2014-05-25 17:05:13 - Finished
2014-05-25 17:10:07 - Started
2014-05-25 17:10:17 - Finished
2014-05-25 17:15:03 - Started
2014-05-25 17:15:13 - Finished
2014-05-25 17:20:03 - Started
2014-05-25 17:20:13 - Finished
2014-05-25 17:25:04 - Started
2014-05-25 17:25:14 - Finished
2014-05-25 17:35:04 - Started
2014-05-25 17:35:14 - Finished
2014-05-25 17:40:03 - Started
2014-05-25 17:40:13 - Finished
2014-05-25 17:45:03 - Started
2014-05-25 17:45:13 - Finished
2014-05-25 17:50:03 - Started
2014-05-25 17:50:13 - Finished
2014-05-25 17:55:04 - Started
2014-05-25 17:55:14 - Finished
2014-05-25 18:00:03 - Started
2014-05-25 18:00:13 - Finished
2014-05-25 18:05:03 - Started
2014-05-25 18:05:13 - Finished
2014-05-25 18:10:03 - Started
2014-05-25 18:10:13 - Finished
2014-05-25 18:15:04 - Started
2014-05-25 18:15:14 - Finished
2014-05-25 18:20:03 - Started
2014-05-25 18:20:13 - Finished
2014-05-25 18:25:03 - Started
2014-05-25 18:25:12 - Finished
2014-05-25 18:30:03 - Started
2014-05-25 18:30:13 - Finished
2014-05-25 18:35:03 - Started
2014-05-25 18:35:13 - Finished
2014-05-25 18:40:03 - Started
2014-05-25 18:40:13 - Finished
2014-05-25 18:45:03 - Started
2014-05-25 18:45:13 - Finished
2014-05-25 18:50:04 - Started
2014-05-25 18:50:13 - Finished
2014-05-25 18:55:03 - Started
2014-05-25 18:55:13 - Finished
2014-05-25 19:00:04 - Started
2014-05-25 19:00:14 - Finished
2014-05-25 19:05:03 - Started
2014-05-25 19:05:13 - Finished
2014-05-25 19:10:03 - Started
2014-05-25 19:15:04 - Started
2014-05-25 19:20:03 - Started
2014-05-25 19:25:03 - Started
2014-05-25 19:30:03 - Started
2014-05-25 19:35:03 - Started
2014-05-25 19:40:03 - Started
2014-05-25 19:45:04 - Started
2014-05-25 19:45:14 - Finished
2014-05-25 19:50:03 - Started
2014-05-25 19:50:14 - Finished
2014-05-25 19:51:07 - Started
2014-05-25 19:51:17 - Finished
2014-05-25 19:55:03 - Started
2014-05-25 19:55:13 - Finished
2014-05-25 20:00:03 - Started
2014-05-25 20:00:13 - Finished
2014-05-25 20:05:03 - Started
2014-05-25 20:05:14 - Finished
2014-05-25 20:10:03 - Started
2014-05-25 20:10:14 - Finished
2014-05-25 20:15:03 - Started
2014-05-25 20:15:14 - Finished
2014-05-25 20:20:03 - Started
2014-05-25 20:20:13 - Finished
2014-05-25 20:25:04 - Started
2014-05-25 20:25:14 - Finished
2014-05-25 20:30:03 - Started
2014-05-25 20:30:13 - Finished
2014-05-25 20:35:03 - Started
2014-05-25 20:35:14 - Finished
2014-05-25 20:40:03 - Started
2014-05-25 20:40:13 - Finished
2014-05-25 20:42:39 - Started
2014-05-25 20:42:49 - Finished
2014-05-25 20:45:03 - Started
2014-05-25 20:45:13 - Finished
2014-05-25 20:50:03 - Started
2014-05-25 20:50:14 - Finished
2014-05-25 20:51:20 - Started
2014-05-25 20:51:30 - Finished
2014-05-25 20:55:04 - Started
2014-05-25 20:55:14 - Finished
2014-05-25 21:00:03 - Started
2014-05-25 21:00:13 - Finished
2014-05-25 21:05:03 - Started
2014-05-25 21:05:13 - Finished
2014-05-25 21:10:07 - Started
2014-05-25 21:10:18 - Finished
2014-05-25 21:15:03 - Started
2014-05-25 21:15:14 - Finished
2014-05-25 21:20:04 - Started
2014-05-25 21:20:14 - Finished
2014-05-25 21:25:03 - Started
2014-05-25 21:25:13 - Finished
2014-05-25 21:30:03 - Started
2014-05-25 21:30:14 - Finished
2014-05-25 21:35:03 - Started
2014-05-25 21:35:13 - Finished
2014-05-25 21:40:03 - Started
2014-05-25 21:40:13 - Finished
2014-05-25 21:45:03 - Started
2014-05-25 21:45:13 - Finished
2014-05-25 21:50:04 - Started
2014-05-25 21:50:14 - Finished
2014-05-25 21:55:03 - Started
2014-05-25 21:55:13 - Finished
2014-05-25 22:00:04 - Started
2014-05-25 22:00:14 - Finished
2014-05-25 22:05:03 - Started
2014-05-25 22:05:14 - Finished
2014-05-25 22:10:03 - Started
2014-05-25 22:10:14 - Finished
2014-05-25 22:13:37 - StartedWaiting for login access
2014-05-25 22:14:17 - StartedWaiting for login access
2014-05-25 22:15:03 - Started
File  could not be downloaded
File  could not be downloadedFiles could not be downloaded
2014-05-25 22:15:53 - StartedWaiting for login access
2014-05-25 22:20:03 - StartedWaiting for login access
2014-05-25 22:25:03 - Started
2014-05-25 22:25:20 - Finished
2014-05-25 22:30:03 - StartedWaiting for login access
2014-05-25 22:32:32 - Started
2014-05-25 22:35:03 - Started
2014-05-25 22:35:03 - FinishedWaiting for login access
2014-05-25 22:40:03 - Started
2014-05-25 22:40:20 - Finished
2014-05-25 22:45:03 - StartedWaiting for login access
2014-05-25 22:48:55 - Started
2014-05-25 22:50:03 - StartedWaiting for login access
2014-05-25 22:55:04 - Started
2014-05-25 22:55:21 - Finished
2014-05-25 23:00:05 - Started
2014-05-25 23:00:22 - Finished
2014-05-25 23:05:03 - StartedWaiting for login access